2023-03-13 20:23:07,348 ERROR org.apache.catalina.core.ContainerBase.[Tomcat].[localhost] [http-nio-8008-exec-1] Exception Processing /api/v1/pagination
java.lang.RuntimeException: Must set 'realm' in config
	at org.keycloak.adapters.KeycloakDeploymentBuilder.internalBuild(KeycloakDeploymentBuilder.java:58)
	at org.keycloak.adapters.KeycloakDeploymentBuilder.build(KeycloakDeploymentBuilder.java:205)
	at org.keycloak.adapters.springboot.KeycloakSpringBootConfigResolver.resolve(KeycloakSpringBootConfigResolver.java:41)
	at org.keycloak.adapters.springsecurity.config.KeycloakSpringConfigResolverWrapper.resolve(KeycloakSpringConfigResolverWrapper.java:40)
	at org.keycloak.adapters.AdapterDeploymentContext.resolveDeployment(AdapterDeploymentContext.java:89)
	at org.keycloak.adapters.PreAuthActionsHandler.preflightCors(PreAuthActionsHandler.java:100)
	at org.keycloak.adapters.PreAuthActionsHandler.handleRequest(PreAuthActionsHandler.java:75)
	at org.keycloak.adapters.tomcat.AbstractKeycloakAuthenticatorValve.invoke(AbstractKeycloakAuthenticatorValve.java:177)
	at org.apache.catalina.core.StandardHostValve.invoke(StandardHostValve.java:135)
	at org.apache.catalina.valves.ErrorReportValve.invoke(ErrorReportValve.java:92)
	at org.apache.catalina.core.StandardEngineValve.invoke(StandardEngineValve.java:78)
	at org.apache.catalina.connector.CoyoteAdapter.service(CoyoteAdapter.java:360)
	at org.apache.coyote.http11.Http11Processor.service(Http11Processor.java:399)
	at org.apache.coyote.AbstractProcessorLight.process(AbstractProcessorLight.java:65)
	at org.apache.coyote.AbstractProtocol$ConnectionHandler.process(AbstractProtocol.java:891)
	at org.apache.tomcat.util.net.NioEndpoint$SocketProcessor.doRun(NioEndpoint.java:1784)
	at org.apache.tomcat.util.net.SocketProcessorBase.run(SocketProcessorBase.java:49)
	at org.apache.tomcat.util.threads.ThreadPoolExecutor.runWorker(ThreadPoolExecutor.java:1191)
	at org.apache.tomcat.util.threads.ThreadPoolExecutor$Worker.run(ThreadPoolExecutor.java:659)
	at org.apache.tomcat.util.threads.TaskThread$WrappingRunnable.run(TaskThread.java:61)
	at java.base/java.lang.Thread.run(Thread.java:1589)
2023-03-13 20:23:09,731 ERROR org.apache.catalina.core.ContainerBase.[Tomcat].[localhost] [http-nio-8008-exec-3] Exception Processing /api/v1/exchange/EUR/GBP/5
java.lang.RuntimeException: Must set 'realm' in config
	at org.keycloak.adapters.KeycloakDeploymentBuilder.internalBuild(KeycloakDeploymentBuilder.java:58)
	at org.keycloak.adapters.KeycloakDeploymentBuilder.build(KeycloakDeploymentBuilder.java:205)
	at org.keycloak.adapters.springboot.KeycloakSpringBootConfigResolver.resolve(KeycloakSpringBootConfigResolver.java:41)
	at org.keycloak.adapters.springsecurity.config.KeycloakSpringConfigResolverWrapper.resolve(KeycloakSpringConfigResolverWrapper.java:40)
	at org.keycloak.adapters.AdapterDeploymentContext.resolveDeployment(AdapterDeploymentContext.java:89)
	at org.keycloak.adapters.PreAuthActionsHandler.preflightCors(PreAuthActionsHandler.java:100)
	at org.keycloak.adapters.PreAuthActionsHandler.handleRequest(PreAuthActionsHandler.java:75)
	at org.keycloak.adapters.tomcat.AbstractKeycloakAuthenticatorValve.invoke(AbstractKeycloakAuthenticatorValve.java:177)
	at org.apache.catalina.core.StandardHostValve.invoke(StandardHostValve.java:135)
	at org.apache.catalina.valves.ErrorReportValve.invoke(ErrorReportValve.java:92)
	at org.apache.catalina.core.StandardEngineValve.invoke(StandardEngineValve.java:78)
	at org.apache.catalina.connector.CoyoteAdapter.service(CoyoteAdapter.java:360)
	at org.apache.coyote.http11.Http11Processor.service(Http11Processor.java:399)
	at org.apache.coyote.AbstractProcessorLight.process(AbstractProcessorLight.java:65)
	at org.apache.coyote.AbstractProtocol$ConnectionHandler.process(AbstractProtocol.java:891)
	at org.apache.tomcat.util.net.NioEndpoint$SocketProcessor.doRun(NioEndpoint.java:1784)
	at org.apache.tomcat.util.net.SocketProcessorBase.run(SocketProcessorBase.java:49)
	at org.apache.tomcat.util.threads.ThreadPoolExecutor.runWorker(ThreadPoolExecutor.java:1191)
	at org.apache.tomcat.util.threads.ThreadPoolExecutor$Worker.run(ThreadPoolExecutor.java:659)
	at org.apache.tomcat.util.threads.TaskThread$WrappingRunnable.run(TaskThread.java:61)
	at java.base/java.lang.Thread.run(Thread.java:1589)
2023-03-13 20:23:14,298 ERROR org.apache.catalina.core.ContainerBase.[Tomcat].[localhost] [http-nio-8008-exec-2] Exception Processing /api/v1/exchange/EUR/GBP/5
java.lang.RuntimeException: Must set 'realm' in config
	at org.keycloak.adapters.KeycloakDeploymentBuilder.internalBuild(KeycloakDeploymentBuilder.java:58)
	at org.keycloak.adapters.KeycloakDeploymentBuilder.build(KeycloakDeploymentBuilder.java:205)
	at org.keycloak.adapters.springboot.KeycloakSpringBootConfigResolver.resolve(KeycloakSpringBootConfigResolver.java:41)
	at org.keycloak.adapters.springsecurity.config.KeycloakSpringConfigResolverWrapper.resolve(KeycloakSpringConfigResolverWrapper.java:40)
	at org.keycloak.adapters.AdapterDeploymentContext.resolveDeployment(AdapterDeploymentContext.java:89)
	at org.keycloak.adapters.PreAuthActionsHandler.preflightCors(PreAuthActionsHandler.java:100)
	at org.keycloak.adapters.PreAuthActionsHandler.handleRequest(PreAuthActionsHandler.java:75)
	at org.keycloak.adapters.tomcat.AbstractKeycloakAuthenticatorValve.invoke(AbstractKeycloakAuthenticatorValve.java:177)
	at org.apache.catalina.core.StandardHostValve.invoke(StandardHostValve.java:135)
	at org.apache.catalina.valves.ErrorReportValve.invoke(ErrorReportValve.java:92)
	at org.apache.catalina.core.StandardEngineValve.invoke(StandardEngineValve.java:78)
	at org.apache.catalina.connector.CoyoteAdapter.service(CoyoteAdapter.java:360)
	at org.apache.coyote.http11.Http11Processor.service(Http11Processor.java:399)
	at org.apache.coyote.AbstractProcessorLight.process(AbstractProcessorLight.java:65)
	at org.apache.coyote.AbstractProtocol$ConnectionHandler.process(AbstractProtocol.java:891)
	at org.apache.tomcat.util.net.NioEndpoint$SocketProcessor.doRun(NioEndpoint.java:1784)
	at org.apache.tomcat.util.net.SocketProcessorBase.run(SocketProcessorBase.java:49)
	at org.apache.tomcat.util.threads.ThreadPoolExecutor.runWorker(ThreadPoolExecutor.java:1191)
	at org.apache.tomcat.util.threads.ThreadPoolExecutor$Worker.run(ThreadPoolExecutor.java:659)
	at org.apache.tomcat.util.threads.TaskThread$WrappingRunnable.run(TaskThread.java:61)
	at java.base/java.lang.Thread.run(Thread.java:1589)
